<?xml version="1.0" encoding="UTF-8"?>
<!-- Generated by org.testng.reporters.JUnitReportReporter -->
<testsuite hostname="DESKTOP-KMCTGLT" failures="0" tests="1" name="com.project.Test_Cases.Test_Codeshare" time="29.460" errors="0" timestamp="2022-06-04T22:23:33 IST" skipped="0">
  <testcase classname="com.project.Test_Cases.Test_Codeshare" name="Test01_codeshare" time="29.460"/>
  <system-out/>
</testsuite> <!-- com.project.Test_Cases.Test_Codeshare -->
